[debug] [2024-07-04T20:06:57.167Z] ----------------------------------------------------------------------
[debug] [2024-07-04T20:06:57.169Z] Command:       /usr/local/bin/node /usr/local/bin/firebase init hosting
[debug] [2024-07-04T20:06:57.170Z] CLI Version:   13.13.0
[debug] [2024-07-04T20:06:57.170Z] Platform:      darwin
[debug] [2024-07-04T20:06:57.170Z] Node Version:  v21.7.1
[debug] [2024-07-04T20:06:57.170Z] Time:          Fri Jul 05 2024 01:36:57 GMT+0530 (India Standard Time)
[debug] [2024-07-04T20:06:57.170Z] ----------------------------------------------------------------------
[debug] 
[debug] [2024-07-04T20:06:57.174Z] > command requires scopes: ["email","openid","https://www.googleapis.com/auth/cloudplatformprojects.readonly","https://www.googleapis.com/auth/firebase","https://www.googleapis.com/auth/cloud-platform"]
[debug] [2024-07-04T20:06:57.174Z] > authorizing via signed-in user (teampoisonac1@gmail.com)
[info] 
     ######## #### ########  ######## ########     ###     ######  ########
     ##        ##  ##     ## ##       ##     ##  ##   ##  ##       ##
     ######    ##  ########  ######   ########  #########  ######  ######
     ##        ##  ##    ##  ##       ##     ## ##     ##       ## ##
     ##       #### ##     ## ######## ########  ##     ##  ######  ########

You're about to initialize a Firebase project in this directory:

  /Users/space/Code Stuff/login.github.io

[info] 
=== Project Setup
[info] 
[info] First, let's associate this project directory with a Firebase project.
[info] You can create multiple project aliases by running firebase use --add, 
[info] but for now we'll just set up a default project.
[info] 
[debug] [2024-07-04T20:07:03.570Z] >>> [apiv2][query] GET https://firebase.googleapis.com/v1beta1/projects pageSize=100
[debug] [2024-07-04T20:07:04.549Z] <<< [apiv2][status] GET https://firebase.googleapis.com/v1beta1/projects 200
[debug] [2024-07-04T20:07:04.549Z] <<< [apiv2][body] GET https://firebase.googleapis.com/v1beta1/projects [omitted]
[info] i  Using project payubiz-login (payubiz-login) 
[info] 
=== Hosting Setup
[debug] [2024-07-04T20:07:05.907Z] >>> [apiv2][query] GET https://firebase.googleapis.com/v1beta1/projects/payubiz-login [none]
[debug] [2024-07-04T20:07:06.480Z] <<< [apiv2][status] GET https://firebase.googleapis.com/v1beta1/projects/payubiz-login 200
[debug] [2024-07-04T20:07:06.481Z] <<< [apiv2][body] GET https://firebase.googleapis.com/v1beta1/projects/payubiz-login {"projectId":"payubiz-login","projectNumber":"529259392535","displayName":"payubiz-login","name":"projects/payubiz-login","resources":{"hostingSite":"payubiz-login"},"state":"ACTIVE","etag":"1_c6649fc6-5bd4-41b1-ac7f-de9ebd3a029a"}
[info] 
[info] Your public directory is the folder (relative to your project directory) that
[info] will contain Hosting assets to be uploaded with firebase deploy. If you
[info] have a build process for your assets, use your build's output directory.
[info] 
[debug] [2024-07-04T20:07:23.905Z] >>> [apiv2][query] GET https://www.gstatic.com/firebasejs/releases.json [none]
[debug] [2024-07-04T20:07:24.042Z] <<< [apiv2][status] GET https://www.gstatic.com/firebasejs/releases.json 200
[debug] [2024-07-04T20:07:24.042Z] <<< [apiv2][body] GET https://www.gstatic.com/firebasejs/releases.json {"current":{"version":"10.12.3","browserURL":"https://www.gstatic.com/firebasejs/10.12.3/firebase.js","packageURL":"https://www.gstatic.com/firebasejs/10.12.3/firebase.tgz"},"live":{"version":"10.12","browserURL":"https://www.gstatic.com/firebasejs/live/10.12/firebase.js","packageURL":"https://www.gstatic.com/firebasejs/live/10.12/firebase.tgz"},"components":{"analytics":"https://www.gstatic.com/firebasejs/10.12.3/firebase-analytics.js","app":"https://www.gstatic.com/firebasejs/10.12.3/firebase-app.js","app-check":"https://www.gstatic.com/firebasejs/10.12.3/firebase-app-check.js","auth":"https://www.gstatic.com/firebasejs/10.12.3/firebase-auth.js","auth/cordova":"https://www.gstatic.com/firebasejs/10.12.3/firebase-auth/cordova.js","auth/web-extension":"https://www.gstatic.com/firebasejs/10.12.3/firebase-auth/web-extension.js","functions":"https://www.gstatic.com/firebasejs/10.12.3/firebase-functions.js","firestore":"https://www.gstatic.com/firebasejs/10.12.3/firebase-firestore.js","firestore/lite":"https://www.gstatic.com/firebasejs/10.12.3/firebase-firestore/lite.js","installations":"https://www.gstatic.com/firebasejs/10.12.3/firebase-installations.js","storage":"https://www.gstatic.com/firebasejs/10.12.3/firebase-storage.js","performance":"https://www.gstatic.com/firebasejs/10.12.3/firebase-performance.js","remote-config":"https://www.gstatic.com/firebasejs/10.12.3/firebase-remote-config.js","messaging":"https://www.gstatic.com/firebasejs/10.12.3/firebase-messaging.js","messaging/sw":"https://www.gstatic.com/firebasejs/10.12.3/firebase-messaging/sw.js","database":"https://www.gstatic.com/firebasejs/10.12.3/firebase-database.js","vertexai-preview":"https://www.gstatic.com/firebasejs/10.12.3/firebase-vertexai-preview.js","firestore.memory":"https://www.gstatic.com/firebasejs/10.12.3/firebase-firestore.memory.js"}}
[info] ✔  Wrote public/index.html 
[info] 
[info] i  Detected a .git folder at /Users/space/Code Stuff/login.github.io 
[info] i  Authorizing with GitHub to upload your service account to a GitHub repository's secrets store. 
[info] 
[info] Visit this URL on this device to log in:
[info] https://github.com/login/oauth/authorize?client_id=89cf50f02ac6aaed3484&state=450899353&redirect_uri=http%3A%2F%2Flocalhost%3A9005&scope=read%3Auser%20repo%20public_repo
[info] 
[info] Waiting for authentication...
[debug] [2024-07-04T20:07:28.405Z] >>> [apiv2][query] POST https://github.com/login/oauth/access_token [none]
[debug] [2024-07-04T20:07:28.406Z] >>> [apiv2][body] POST https://github.com/login/oauth/access_token [stream]
[debug] [2024-07-04T20:07:28.838Z] <<< [apiv2][status] POST https://github.com/login/oauth/access_token 200
[debug] [2024-07-04T20:07:28.839Z] <<< [apiv2][body] POST https://github.com/login/oauth/access_token {"access_token":"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","token_type":"bearer","scope":"read:user,repo"}
[debug] [2024-07-04T20:07:28.854Z] >>> [apiv2][query] GET https://api.github.com/user [none]
[debug] [2024-07-04T20:07:29.356Z] <<< [apiv2][status] GET https://api.github.com/user 200
[debug] [2024-07-04T20:07:29.356Z] <<< [apiv2][body] GET https://api.github.com/user {"login":"this-is-space","id":55061770,"node_id":"MDQ6VXNlcjU1MDYxNzcw","avatar_url":"https://avatars.githubusercontent.com/u/55061770?v=4","gravatar_id":"","url":"https://api.github.com/users/this-is-space","html_url":"https://github.com/this-is-space","followers_url":"https://api.github.com/users/this-is-space/followers","following_url":"https://api.github.com/users/this-is-space/following{/other_user}","gists_url":"https://api.github.com/users/this-is-space/gists{/gist_id}","starred_url":"https://api.github.com/users/this-is-space/starred{/owner}{/repo}","subscriptions_url":"https://api.github.com/users/this-is-space/subscriptions","organizations_url":"https://api.github.com/users/this-is-space/orgs","repos_url":"https://api.github.com/users/this-is-space/repos","events_url":"https://api.github.com/users/this-is-space/events{/privacy}","received_events_url":"https://api.github.com/users/this-is-space/received_events","type":"User","site_admin":false,"name":"Space","company":null,"blog":"","location":null,"email":null,"hireable":null,"bio":null,"twitter_username":null,"public_repos":31,"public_gists":0,"followers":5,"following":13,"created_at":"2019-09-08T18:31:19Z","updated_at":"2024-06-25T11:59:55Z","private_gists":0,"total_private_repos":22,"owned_private_repos":20,"disk_usage":77973,"collaborators":5,"two_factor_authentication":false,"plan":{"name":"pro","space":976562499,"collaborators":0,"private_repos":9999}}
[info] 
[info] ✔  Success! Logged into GitHub as this-is-space 
[info] 
[debug] [2024-07-04T20:08:24.175Z] >>> [apiv2][query] GET https://api.github.com/repos/login.github.io/actions/secrets/public-key type=owner
[debug] [2024-07-04T20:08:24.588Z] <<< [apiv2][status] GET https://api.github.com/repos/login.github.io/actions/secrets/public-key 404
[debug] [2024-07-04T20:08:24.588Z] <<< [apiv2][body] GET https://api.github.com/repos/login.github.io/actions/secrets/public-key {"message":"Not Found","documentation_url":"https://docs.github.com/rest","status":"404"}
[info] 
[info] 
[error] ⚠  The provided authorization cannot be used with this repository. If this repository is in an organization, did you remember to grant access? 
[info] 
[info] i  Action required: Visit this URL to ensure access has been granted to the appropriate organization(s) for the Firebase CLI GitHub OAuth App: 
[info] https://github.com/settings/connections/applications/89cf50f02ac6aaed3484
[info] 
